D:\Users\Administrator\Desktop\Data\Actors.rvdata done.

D:\Users\Administrator\Desktop\Data\Animations.rvdata done.

D:\Users\Administrator\Desktop\Data\Areas.rvdata done.

D:\Users\Administrator\Desktop\Data\Armors.rvdata done.

D:\Users\Administrator\Desktop\Data\Classes.rvdata done.

D:\Users\Administrator\Desktop\Data\CommonEvents.rvdata done.

D:\Users\Administrator\Desktop\Data\Enemies.rvdata done.

D:\Users\Administrator\Desktop\Data\Items.rvdata done.

D:\Users\Administrator\Desktop\Data\Map001.rvdata done.

D:\Users\Administrator\Desktop\Data\Map002.rvdata done.

D:\Users\Administrator\Desktop\Data\Map003.rvdata done.

D:\Users\Administrator\Desktop\Data\Map004.rvdata done.

D:\Users\Administrator\Desktop\Data\Map005.rvdata done.

D:\Users\Administrator\Desktop\Data\Map006.rvdata done.

D:\Users\Administrator\Desktop\Data\Map007.rvdata done.

D:\Users\Administrator\Desktop\Data\Map008.rvdata done.

D:\Users\Administrator\Desktop\Data\Map009.rvdata done.

D:\Users\Administrator\Desktop\Data\Map010.rvdata done.

D:\Users\Administrator\Desktop\Data\Map011.rvdata done.

D:\Users\Administrator\Desktop\Data\Map012.rvdata done.

D:\Users\Administrator\Desktop\Data\Map013.rvdata done.

D:\Users\Administrator\Desktop\Data\Map014.rvdata done.

D:\Users\Administrator\Desktop\Data\Map015.rvdata done.

D:\Users\Administrator\Desktop\Data\Map016.rvdata done.

D:\Users\Administrator\Desktop\Data\Map017.rvdata done.

D:\Users\Administrator\Desktop\Data\Map018.rvdata done.

D:\Users\Administrator\Desktop\Data\Map019.rvdata done.

D:\Users\Administrator\Desktop\Data\Map020.rvdata done.

D:\Users\Administrator\Desktop\Data\Map021.rvdata done.

D:\Users\Administrator\Desktop\Data\MapInfos.rvdata done.

D:\Users\Administrator\Desktop\Data\Scripts.rvdata done.

D:\Users\Administrator\Desktop\Data\Skills.rvdata done.

D:\Users\Administrator\Desktop\Data\States.rvdata done.

D:\Users\Administrator\Desktop\Data\System.rvdata done.

D:\Users\Administrator\Desktop\Data\Troops.rvdata done.

D:\Users\Administrator\Desktop\Data\Weapons.rvdata done.

D:\Users\Administrator\Desktop\Graphics\Characters\$Assassin2.png done.

D:\Users\Administrator\Desktop\Graphics\Characters\$Assassin3.png done.

D:\Users\Administrator\Desktop\Graphics\Characters\$beetle2.PNG done.

D:\Users\Administrator\Desktop\Graphics\Characters\$beetle3.PNG done.

D:\Users\Administrator\Desktop\Graphics\Characters\$behemot.png done.

D:\Users\Administrator\Desktop\Graphics\Characters\$bossdragonbone.png done.

D:\Users\Administrator\Desktop\Graphics\Characters\$chocobo.png done.

D:\Users\Administrator\Desktop\Graphics\Characters\$cloud.png done.

D:\Users\Administrator\Desktop\Graphics\Characters\$devil.png done.

D:\Users\Administrator\Desktop\Graphics\Characters\$Drunken Deodent sailor.png done.

D:\Users\Administrator\Desktop\Graphics\Characters\$fistfighter.png done.

D:\Users\Administrator\Desktop\Graphics\Characters\$fox.png done.

D:\Users\Administrator\Desktop\Graphics\Characters\$gallery_1895_11_1570.png done.

D:\Users\Administrator\Desktop\Graphics\Characters\$gallery_22087_274_1878.png done.

D:\Users\Administrator\Desktop\Graphics\Characters\$gallery_22087_274_2400.png done.

D:\Users\Administrator\Desktop\Graphics\Characters\$gallery_22087_274_4411.png done.

D:\Users\Administrator\Desktop\Graphics\Characters\$gallery_22087_274_741.png done.

D:\Users\Administrator\Desktop\Graphics\Characters\$gallery_22087_274_886.png done.

D:\Users\Administrator\Desktop\Graphics\Characters\$gallery_38738_268_836.png done.

D:\Users\Administrator\Desktop\Graphics\Characters\$GirlAssassin.png.png done.

D:\Users\Administrator\Desktop\Graphics\Characters\$gmchocobo.png done.

D:\Users\Administrator\Desktop\Graphics\Characters\$gmchocobo2.png done.

D:\Users\Administrator\Desktop\Graphics\Characters\$guildgirl.png done.

D:\Users\Administrator\Desktop\Graphics\Characters\$Hole.PNG done.

D:\Users\Administrator\Desktop\Graphics\Characters\$inngirl.png done.

D:\Users\Administrator\Desktop\Graphics\Characters\$Lion2.png done.

D:\Users\Administrator\Desktop\Graphics\Characters\$Monsters200906.png done.

D:\Users\Administrator\Desktop\Graphics\Characters\$pikachu.png done.

D:\Users\Administrator\Desktop\Graphics\Characters\$pirate.png done.

D:\Users\Administrator\Desktop\Graphics\Characters\$Ralph knocked.PNG done.

D:\Users\Administrator\Desktop\Graphics\Characters\$rebel.png.png done.

D:\Users\Administrator\Desktop\Graphics\Characters\$Shop guy.png done.

D:\Users\Administrator\Desktop\Graphics\Characters\$shopguy.png done.

D:\Users\Administrator\Desktop\Graphics\Characters\$shopguy3.png done.

D:\Users\Administrator\Desktop\Graphics\Characters\$SoldierScout.png.png done.

D:\Users\Administrator\Desktop\Graphics\Characters\$tutorialshop.png done.

D:\Users\Administrator\Desktop\Graphics\Characters\$warrior.png done.

D:\Users\Administrator\Desktop\Graphics\Characters\$Xzygon template.png done.

D:\Users\Administrator\Desktop\Graphics\Characters\$Xzygon.png done.

D:\Users\Administrator\Desktop\Graphics\Characters\Actors knocked out&sleeping.png done.

D:\Users\Administrator\Desktop\Graphics\Characters\chhc.png done.

D:\Users\Administrator\Desktop\Graphics\Characters\cook.png done.

D:\Users\Administrator\Desktop\Graphics\Characters\galleryanimals-1.png done.

D:\Users\Administrator\Desktop\Graphics\Characters\gallery_32422_38_6774.png done.

D:\Users\Administrator\Desktop\Graphics\Characters\KaduVil01.png done.

D:\Users\Administrator\Desktop\Graphics\Characters\kh.png done.

D:\Users\Administrator\Desktop\Graphics\Characters\knocked out&sleeping.png done.

D:\Users\Administrator\Desktop\Graphics\Characters\minidrago.png done.

D:\Users\Administrator\Desktop\Graphics\Characters\pinedaxp3.png done.

D:\Users\Administrator\Desktop\Graphics\Characters\pinevx55.png done.

D:\Users\Administrator\Desktop\Graphics\Characters\pinevx98.png done.

D:\Users\Administrator\Desktop\Graphics\Characters\sog.png done.

D:\Users\Administrator\Desktop\Graphics\Characters\vxtemplate2ik5.png done.

D:\Users\Administrator\Desktop\Graphics\Equipments\Bag.png done.

D:\Users\Administrator\Desktop\Graphics\Equipments\Both\10_white.png done.

D:\Users\Administrator\Desktop\Graphics\Equipments\Both\19_black.png done.

D:\Users\Administrator\Desktop\Graphics\Equipments\Both\19_blue.png done.

D:\Users\Administrator\Desktop\Graphics\Equipments\Both\19_green.png done.

D:\Users\Administrator\Desktop\Graphics\Equipments\Both\19_red.png done.

D:\Users\Administrator\Desktop\Graphics\Equipments\Both\19_white.png done.

D:\Users\Administrator\Desktop\Graphics\Equipments\Both\19_yellow.png done.

D:\Users\Administrator\Desktop\Graphics\Equipments\Both\1_black(1).png done.

D:\Users\Administrator\Desktop\Graphics\Equipments\Both\1_black.png done.

D:\Users\Administrator\Desktop\Graphics\Equipments\Both\1_brown(1).png done.

D:\Users\Administrator\Desktop\Graphics\Equipments\Both\1_brown(2).png done.

D:\Users\Administrator\Desktop\Graphics\Equipments\Both\1_brown.png done.

D:\Users\Administrator\Desktop\Graphics\Equipments\Both\1_green(1).png done.

D:\Users\Administrator\Desktop\Graphics\Equipments\Both\1_red(1).png done.

D:\Users\Administrator\Desktop\Graphics\Equipments\Both\1_white(1).png done.

D:\Users\Administrator\Desktop\Graphics\Equipments\Both\1_white.png done.

D:\Users\Administrator\Desktop\Graphics\Equipments\Both\1_yellow(1).png done.

D:\Users\Administrator\Desktop\Graphics\Equipments\Both\20_black.png done.

D:\Users\Administrator\Desktop\Graphics\Equipments\Both\20_blue.png done.

D:\Users\Administrator\Desktop\Graphics\Equipments\Both\20_green.png done.

D:\Users\Administrator\Desktop\Graphics\Equipments\Both\20_red.png done.

D:\Users\Administrator\Desktop\Graphics\Equipments\Both\20_white.png done.

D:\Users\Administrator\Desktop\Graphics\Equipments\Both\20_yellow.png done.

D:\Users\Administrator\Desktop\Graphics\Equipments\Both\21_black.png done.

D:\Users\Administrator\Desktop\Graphics\Equipments\Both\21_blue.png done.

D:\Users\Administrator\Desktop\Graphics\Equipments\Both\21_green.png done.

D:\Users\Administrator\Desktop\Graphics\Equipments\Both\21_red.png done.

D:\Users\Administrator\Desktop\Graphics\Equipments\Both\21_white.png done.

D:\Users\Administrator\Desktop\Graphics\Equipments\Both\21_yellow.png done.

D:\Users\Administrator\Desktop\Graphics\Equipments\Both\22_black.png done.

D:\Users\Administrator\Desktop\Graphics\Equipments\Both\22_blue.png done.

D:\Users\Administrator\Desktop\Graphics\Equipments\Both\22_green.png done.

D:\Users\Administrator\Desktop\Graphics\Equipments\Both\22_red.png done.

D:\Users\Administrator\Desktop\Graphics\Equipments\Both\22_white.png done.

D:\Users\Administrator\Desktop\Graphics\Equipments\Both\22_yellow.png done.

D:\Users\Administrator\Desktop\Graphics\Equipments\Both\2_black(1).png done.

D:\Users\Administrator\Desktop\Graphics\Equipments\Both\2_black.png done.

D:\Users\Administrator\Desktop\Graphics\Equipments\Both\2_red(1).png done.

D:\Users\Administrator\Desktop\Graphics\Equipments\Both\2_red.png done.

D:\Users\Administrator\Desktop\Graphics\Equipments\Both\2_white(1).png done.

D:\Users\Administrator\Desktop\Graphics\Equipments\Both\2_white(2).png done.

D:\Users\Administrator\Desktop\Graphics\Equipments\Both\2_white.png done.

D:\Users\Administrator\Desktop\Graphics\Equipments\Both\2_yellow.png done.

D:\Users\Administrator\Desktop\Graphics\Equipments\Both\3_blue(1).png done.

D:\Users\Administrator\Desktop\Graphics\Equipments\Both\3_blue.png done.

D:\Users\Administrator\Desktop\Graphics\Equipments\Both\3_white(1).png done.

D:\Users\Administrator\Desktop\Graphics\Equipments\Both\3_white.png done.

D:\Users\Administrator\Desktop\Graphics\Equipments\Both\4_black.png done.

D:\Users\Administrator\Desktop\Graphics\Equipments\Both\4_red.png done.

D:\Users\Administrator\Desktop\Graphics\Equipments\Both\5_brown.png done.

D:\Users\Administrator\Desktop\Graphics\Equipments\Both\6_black.png done.

D:\Users\Administrator\Desktop\Graphics\Equipments\Both\7_black.png done.

D:\Users\Administrator\Desktop\Graphics\Equipments\Both\8_white.png done.

D:\Users\Administrator\Desktop\Graphics\Equipments\Both\9_black(1).png done.

D:\Users\Administrator\Desktop\Graphics\Equipments\Both\9_black.png done.

D:\Users\Administrator\Desktop\Graphics\Equipments\Both\9_blue(1).png done.

D:\Users\Administrator\Desktop\Graphics\Equipments\Both\9_blue.png done.

D:\Users\Administrator\Desktop\Graphics\Equipments\Both\9_green(1).png done.

D:\Users\Administrator\Desktop\Graphics\Equipments\Both\9_green.png done.

D:\Users\Administrator\Desktop\Graphics\Equipments\Both\9_red.png done.

D:\Users\Administrator\Desktop\Graphics\Equipments\Both\9_white.png done.

D:\Users\Administrator\Desktop\Graphics\Equipments\Both\Armor1.png done.

D:\Users\Administrator\Desktop\Graphics\Equipments\Copper Shield.png done.

D:\Users\Administrator\Desktop\Graphics\Equipments\Females\10_black(1).png done.

D:\Users\Administrator\Desktop\Graphics\Equipments\Females\10_black(2).png done.

D:\Users\Administrator\Desktop\Graphics\Equipments\Females\10_black.png done.

D:\Users\Administrator\Desktop\Graphics\Equipments\Females\10_blue(1).png done.

D:\Users\Administrator\Desktop\Graphics\Equipments\Females\10_blue(2).png done.

D:\Users\Administrator\Desktop\Graphics\Equipments\Females\10_blue.png done.

D:\Users\Administrator\Desktop\Graphics\Equipments\Females\10_green(1).png done.

D:\Users\Administrator\Desktop\Graphics\Equipments\Females\10_green(2).png done.

D:\Users\Administrator\Desktop\Graphics\Equipments\Females\10_green.png done.

D:\Users\Administrator\Desktop\Graphics\Equipments\Females\10_red(1).png done.

D:\Users\Administrator\Desktop\Graphics\Equipments\Females\10_red(2).png done.

D:\Users\Administrator\Desktop\Graphics\Equipments\Females\10_red.png done.

D:\Users\Administrator\Desktop\Graphics\Equipments\Females\10_white(1).png done.

D:\Users\Administrator\Desktop\Graphics\Equipments\Females\10_white(2).png done.

D:\Users\Administrator\Desktop\Graphics\Equipments\Females\10_white.png done.

D:\Users\Administrator\Desktop\Graphics\Equipments\Females\10_yellow(1).png done.

D:\Users\Administrator\Desktop\Graphics\Equipments\Females\10_yellow(2).png done.

D:\Users\Administrator\Desktop\Graphics\Equipments\Females\10_yellow.png done.

D:\Users\Administrator\Desktop\Graphics\Equipments\Females\11_black.png done.

D:\Users\Administrator\Desktop\Graphics\Equipments\Females\11_blue.png done.

D:\Users\Administrator\Desktop\Graphics\Equipments\Females\11_green.png done.

D:\Users\Administrator\Desktop\Graphics\Equipments\Females\11_red.png done.

D:\Users\Administrator\Desktop\Graphics\Equipments\Females\11_white.png done.

D:\Users\Administrator\Desktop\Graphics\Equipments\Females\11_yellow.png done.

D:\Users\Administrator\Desktop\Graphics\Equipments\Females\12_black.png done.

D:\Users\Administrator\Desktop\Graphics\Equipments\Females\12_blue.png done.

D:\Users\Administrator\Desktop\Graphics\Equipments\Females\12_green.png done.

D:\Users\Administrator\Desktop\Graphics\Equipments\Females\12_red.png done.

D:\Users\Administrator\Desktop\Graphics\Equipments\Females\12_white.png done.

D:\Users\Administrator\Desktop\Graphics\Equipments\Females\12_yellow.png done.

D:\Users\Administrator\Desktop\Graphics\Equipments\Females\13_black.png done.

D:\Users\Administrator\Desktop\Graphics\Equipments\Females\13_blue.png done.

D:\Users\Administrator\Desktop\Graphics\Equipments\Females\13_green.png done.

D:\Users\Administrator\Desktop\Graphics\Equipments\Females\13_red.png done.

D:\Users\Administrator\Desktop\Graphics\Equipments\Females\13_white.png done.

D:\Users\Administrator\Desktop\Graphics\Equipments\Females\13_yellow.png done.

D:\Users\Administrator\Desktop\Graphics\Equipments\Females\14_black.png done.

D:\Users\Administrator\Desktop\Graphics\Equipments\Females\14_blue.png done.

D:\Users\Administrator\Desktop\Graphics\Equipments\Females\14_green.png done.

D:\Users\Administrator\Desktop\Graphics\Equipments\Females\14_red.png done.

D:\Users\Administrator\Desktop\Graphics\Equipments\Females\14_white.png done.

D:\Users\Administrator\Desktop\Graphics\Equipments\Females\14_yellow.png done.

D:\Users\Administrator\Desktop\Graphics\Equipments\Females\1_black.png done.

D:\Users\Administrator\Desktop\Graphics\Equipments\Females\1_blue.png done.

D:\Users\Administrator\Desktop\Graphics\Equipments\Females\1_green.png done.

D:\Users\Administrator\Desktop\Graphics\Equipments\Females\1_red.png done.

D:\Users\Administrator\Desktop\Graphics\Equipments\Females\1_white.png done.

D:\Users\Administrator\Desktop\Graphics\Equipments\Females\1_yellow.png done.

D:\Users\Administrator\Desktop\Graphics\Equipments\Females\2_black.png done.

D:\Users\Administrator\Desktop\Graphics\Equipments\Females\2_blue.png done.

D:\Users\Administrator\Desktop\Graphics\Equipments\Females\2_red.png done.

D:\Users\Administrator\Desktop\Graphics\Equipments\Females\2_yellow.png done.

D:\Users\Administrator\Desktop\Graphics\Equipments\Females\3_black.png done.

D:\Users\Administrator\Desktop\Graphics\Equipments\Females\3_green.png done.

D:\Users\Administrator\Desktop\Graphics\Equipments\Females\3_white.png done.

D:\Users\Administrator\Desktop\Graphics\Equipments\Females\3_yellow.png done.

D:\Users\Administrator\Desktop\Graphics\Equipments\Females\4_green.png done.

D:\Users\Administrator\Desktop\Graphics\Equipments\Females\4_red.png done.

D:\Users\Administrator\Desktop\Graphics\Equipments\Females\4_white.png done.

D:\Users\Administrator\Desktop\Graphics\Equipments\Females\4_yellow.png done.

D:\Users\Administrator\Desktop\Graphics\Equipments\Females\5_black.png done.

D:\Users\Administrator\Desktop\Graphics\Equipments\Females\5_blue(1).png done.

D:\Users\Administrator\Desktop\Graphics\Equipments\Females\5_blue.png done.

D:\Users\Administrator\Desktop\Graphics\Equipments\Females\5_green(1).png done.

D:\Users\Administrator\Desktop\Graphics\Equipments\Females\5_green.png done.

D:\Users\Administrator\Desktop\Graphics\Equipments\Females\5_red(1).png done.

D:\Users\Administrator\Desktop\Graphics\Equipments\Females\5_red.png done.

D:\Users\Administrator\Desktop\Graphics\Equipments\Females\5_white(1).png done.

D:\Users\Administrator\Desktop\Graphics\Equipments\Females\5_white.png done.

D:\Users\Administrator\Desktop\Graphics\Equipments\Females\5_yellow(1).png done.

D:\Users\Administrator\Desktop\Graphics\Equipments\Females\5_yellow.png done.

D:\Users\Administrator\Desktop\Graphics\Equipments\Females\6_a.png done.

D:\Users\Administrator\Desktop\Graphics\Equipments\Females\6_b.png done.

D:\Users\Administrator\Desktop\Graphics\Equipments\Females\6_black(1).png done.

D:\Users\Administrator\Desktop\Graphics\Equipments\Females\6_black.png done.

D:\Users\Administrator\Desktop\Graphics\Equipments\Females\6_blue(1).png done.

D:\Users\Administrator\Desktop\Graphics\Equipments\Females\6_blue.png done.

D:\Users\Administrator\Desktop\Graphics\Equipments\Females\6_c.png done.

D:\Users\Administrator\Desktop\Graphics\Equipments\Females\6_d.png done.

D:\Users\Administrator\Desktop\Graphics\Equipments\Females\6_e.png done.

D:\Users\Administrator\Desktop\Graphics\Equipments\Females\6_f.png done.

D:\Users\Administrator\Desktop\Graphics\Equipments\Females\6_green(1).png done.

D:\Users\Administrator\Desktop\Graphics\Equipments\Females\6_green.png done.

D:\Users\Administrator\Desktop\Graphics\Equipments\Females\6_red.png done.

D:\Users\Administrator\Desktop\Graphics\Equipments\Females\6_white(1).png done.

D:\Users\Administrator\Desktop\Graphics\Equipments\Females\6_white.png done.

D:\Users\Administrator\Desktop\Graphics\Equipments\Females\6_yellow(1).png done.

D:\Users\Administrator\Desktop\Graphics\Equipments\Females\6_yellow.png done.

D:\Users\Administrator\Desktop\Graphics\Equipments\Females\7_black.png done.

D:\Users\Administrator\Desktop\Graphics\Equipments\Females\7_blue.png done.

D:\Users\Administrator\Desktop\Graphics\Equipments\Females\7_green.png done.

D:\Users\Administrator\Desktop\Graphics\Equipments\Females\7_red.png done.

D:\Users\Administrator\Desktop\Graphics\Equipments\Females\7_white.png done.

D:\Users\Administrator\Desktop\Graphics\Equipments\Females\7_yellow.png done.

D:\Users\Administrator\Desktop\Graphics\Equipments\Females\8_black.png done.

D:\Users\Administrator\Desktop\Graphics\Equipments\Females\8_blue.png done.

D:\Users\Administrator\Desktop\Graphics\Equipments\Females\8_green.png done.

D:\Users\Administrator\Desktop\Graphics\Equipments\Females\8_red.png done.

D:\Users\Administrator\Desktop\Graphics\Equipments\Females\8_white.png done.

D:\Users\Administrator\Desktop\Graphics\Equipments\Females\8_yellow.png done.

D:\Users\Administrator\Desktop\Graphics\Equipments\Females\9_black.png done.

D:\Users\Administrator\Desktop\Graphics\Equipments\Females\9_blue.png done.

D:\Users\Administrator\Desktop\Graphics\Equipments\Females\9_green.png done.

D:\Users\Administrator\Desktop\Graphics\Equipments\Females\9_red.png done.

D:\Users\Administrator\Desktop\Graphics\Equipments\Females\9_white.png done.

D:\Users\Administrator\Desktop\Graphics\Equipments\Females\9_yellow.png done.

D:\Users\Administrator\Desktop\Graphics\Equipments\Females\Armor1.png done.

D:\Users\Administrator\Desktop\Graphics\Equipments\Females\none(3).png done.

D:\Users\Administrator\Desktop\Graphics\Equipments\Males\10_black.png done.

D:\Users\Administrator\Desktop\Graphics\Equipments\Males\10_blue.png done.

D:\Users\Administrator\Desktop\Graphics\Equipments\Males\10_green.png done.

D:\Users\Administrator\Desktop\Graphics\Equipments\Males\10_red.png done.

D:\Users\Administrator\Desktop\Graphics\Equipments\Males\10_yellow.png done.

D:\Users\Administrator\Desktop\Graphics\Equipments\Males\11_black.png done.

D:\Users\Administrator\Desktop\Graphics\Equipments\Males\11_blue.png done.

D:\Users\Administrator\Desktop\Graphics\Equipments\Males\11_green.png done.

D:\Users\Administrator\Desktop\Graphics\Equipments\Males\11_red.png done.

D:\Users\Administrator\Desktop\Graphics\Equipments\Males\11_white.png done.

D:\Users\Administrator\Desktop\Graphics\Equipments\Males\11_yellow.png done.

D:\Users\Administrator\Desktop\Graphics\Equipments\Males\12_black.png done.

D:\Users\Administrator\Desktop\Graphics\Equipments\Males\12_blue.png done.

D:\Users\Administrator\Desktop\Graphics\Equipments\Males\12_green.png done.

D:\Users\Administrator\Desktop\Graphics\Equipments\Males\12_red.png done.

D:\Users\Administrator\Desktop\Graphics\Equipments\Males\12_white.png done.

D:\Users\Administrator\Desktop\Graphics\Equipments\Males\12_yellow.png done.

D:\Users\Administrator\Desktop\Graphics\Equipments\Males\13_black.png done.

D:\Users\Administrator\Desktop\Graphics\Equipments\Males\13_blue.png done.

D:\Users\Administrator\Desktop\Graphics\Equipments\Males\13_green.png done.

D:\Users\Administrator\Desktop\Graphics\Equipments\Males\13_red.png done.

D:\Users\Administrator\Desktop\Graphics\Equipments\Males\13_white.png done.

D:\Users\Administrator\Desktop\Graphics\Equipments\Males\13_yellow.png done.

D:\Users\Administrator\Desktop\Graphics\Equipments\Males\14_black.png done.

D:\Users\Administrator\Desktop\Graphics\Equipments\Males\14_green.png done.

D:\Users\Administrator\Desktop\Graphics\Equipments\Males\14_red.png done.

D:\Users\Administrator\Desktop\Graphics\Equipments\Males\14_white.png done.

D:\Users\Administrator\Desktop\Graphics\Equipments\Males\14_yellow.png done.

D:\Users\Administrator\Desktop\Graphics\Equipments\Males\1_blue.png done.

D:\Users\Administrator\Desktop\Graphics\Equipments\Males\1_green.png done.

D:\Users\Administrator\Desktop\Graphics\Equipments\Males\1_red.png done.

D:\Users\Administrator\Desktop\Graphics\Equipments\Males\1_yellow.png done.

D:\Users\Administrator\Desktop\Graphics\Equipments\Males\2_blue.png done.

D:\Users\Administrator\Desktop\Graphics\Equipments\Males\2_green.png done.

D:\Users\Administrator\Desktop\Graphics\Equipments\Males\3_black.png done.

D:\Users\Administrator\Desktop\Graphics\Equipments\Males\3_green.png done.

D:\Users\Administrator\Desktop\Graphics\Equipments\Males\3_red.png done.

D:\Users\Administrator\Desktop\Graphics\Equipments\Males\3_yellow.png done.

D:\Users\Administrator\Desktop\Graphics\Equipments\Males\4_blue.png done.

D:\Users\Administrator\Desktop\Graphics\Equipments\Males\4_green.png done.

D:\Users\Administrator\Desktop\Graphics\Equipments\Males\4_white.png done.

D:\Users\Administrator\Desktop\Graphics\Equipments\Males\4_yellow.png done.

D:\Users\Administrator\Desktop\Graphics\Equipments\Males\5_black.png done.

D:\Users\Administrator\Desktop\Graphics\Equipments\Males\5_blue.png done.

D:\Users\Administrator\Desktop\Graphics\Equipments\Males\5_green.png done.

D:\Users\Administrator\Desktop\Graphics\Equipments\Males\5_red.png done.

D:\Users\Administrator\Desktop\Graphics\Equipments\Males\5_white.png done.

D:\Users\Administrator\Desktop\Graphics\Equipments\Males\5_yellow.png done.

D:\Users\Administrator\Desktop\Graphics\Equipments\Males\6_a.png done.

D:\Users\Administrator\Desktop\Graphics\Equipments\Males\6_b.png done.

D:\Users\Administrator\Desktop\Graphics\Equipments\Males\6_c.png done.

D:\Users\Administrator\Desktop\Graphics\Equipments\Males\6_d.png done.

D:\Users\Administrator\Desktop\Graphics\Equipments\Males\6_e.png done.

D:\Users\Administrator\Desktop\Graphics\Equipments\Males\6_f.png done.

D:\Users\Administrator\Desktop\Graphics\Equipments\Males\7_black(1).png done.

D:\Users\Administrator\Desktop\Graphics\Equipments\Males\7_black(2).png done.

D:\Users\Administrator\Desktop\Graphics\Equipments\Males\7_blue(1).png done.

D:\Users\Administrator\Desktop\Graphics\Equipments\Males\7_blue(2).png done.

D:\Users\Administrator\Desktop\Graphics\Equipments\Males\7_blue.png done.

D:\Users\Administrator\Desktop\Graphics\Equipments\Males\7_green(1).png done.

D:\Users\Administrator\Desktop\Graphics\Equipments\Males\7_green(2).png done.

D:\Users\Administrator\Desktop\Graphics\Equipments\Males\7_green.png done.

D:\Users\Administrator\Desktop\Graphics\Equipments\Males\7_red(1).png done.

D:\Users\Administrator\Desktop\Graphics\Equipments\Males\7_red(2).png done.

D:\Users\Administrator\Desktop\Graphics\Equipments\Males\7_red.png done.

D:\Users\Administrator\Desktop\Graphics\Equipments\Males\7_white(1).png done.

D:\Users\Administrator\Desktop\Graphics\Equipments\Males\7_white(2).png done.

D:\Users\Administrator\Desktop\Graphics\Equipments\Males\7_white.png done.

D:\Users\Administrator\Desktop\Graphics\Equipments\Males\7_yellow(1).png done.

D:\Users\Administrator\Desktop\Graphics\Equipments\Males\7_yellow(2).png done.

D:\Users\Administrator\Desktop\Graphics\Equipments\Males\7_yellow.png done.

D:\Users\Administrator\Desktop\Graphics\Equipments\Males\8_black(1).png done.

D:\Users\Administrator\Desktop\Graphics\Equipments\Males\8_black(2).png done.

D:\Users\Administrator\Desktop\Graphics\Equipments\Males\8_black.png done.

D:\Users\Administrator\Desktop\Graphics\Equipments\Males\8_blue(1).png done.

D:\Users\Administrator\Desktop\Graphics\Equipments\Males\8_blue(2).png done.

D:\Users\Administrator\Desktop\Graphics\Equipments\Males\8_blue.png done.

D:\Users\Administrator\Desktop\Graphics\Equipments\Males\8_green(1).png done.

D:\Users\Administrator\Desktop\Graphics\Equipments\Males\8_green(2).png done.

D:\Users\Administrator\Desktop\Graphics\Equipments\Males\8_green.png done.

D:\Users\Administrator\Desktop\Graphics\Equipments\Males\8_red(1).png done.

D:\Users\Administrator\Desktop\Graphics\Equipments\Males\8_red.png done.

D:\Users\Administrator\Desktop\Graphics\Equipments\Males\8_white(1).png done.

D:\Users\Administrator\Desktop\Graphics\Equipments\Males\8_white(2).png done.

D:\Users\Administrator\Desktop\Graphics\Equipments\Males\8_yellow(1).png done.

D:\Users\Administrator\Desktop\Graphics\Equipments\Males\8_yellow(2).png done.

D:\Users\Administrator\Desktop\Graphics\Equipments\Males\8_yellow.png done.

D:\Users\Administrator\Desktop\Graphics\Equipments\Males\9_yellow.png done.

D:\Users\Administrator\Desktop\Graphics\Equipments\Males\Armor1.png done.

D:\Users\Administrator\Desktop\Graphics\Equipments\Males\Armor2.png done.

D:\Users\Administrator\Desktop\Graphics\Equipments\Males\none(2).png done.

D:\Users\Administrator\Desktop\Graphics\Equipments\Males\Robe.png done.

D:\Users\Administrator\Desktop\Graphics\Equipments\Robe.png done.

D:\Users\Administrator\Desktop\Graphics\Equipments\Shield.png done.

D:\Users\Administrator\Desktop\Graphics\Faces\!AIN_ProfMeowMeow3.png done.

D:\Users\Administrator\Desktop\Graphics\Faces\!Assassin.png done.

D:\Users\Administrator\Desktop\Graphics\Faces\!Xzygon.png done.

D:\Users\Administrator\Desktop\Graphics\Faces\$warrior.png done.

D:\Users\Administrator\Desktop\Graphics\Faces\animalFACES.png done.

D:\Users\Administrator\Desktop\Graphics\Faces\Assassin1.png done.

D:\Users\Administrator\Desktop\Graphics\Faces\assassin3.png done.

D:\Users\Administrator\Desktop\Graphics\Faces\avatar.png done.

D:\Users\Administrator\Desktop\Graphics\Faces\Custom ralph-look-alike..png done.

D:\Users\Administrator\Desktop\Graphics\Faces\Face.png done.

D:\Users\Administrator\Desktop\Graphics\Faces\Face2.png done.

D:\Users\Administrator\Desktop\Graphics\Faces\fail.png done.

D:\Users\Administrator\Desktop\Graphics\Faces\LunaraRecolorSlime1-1.png done.

D:\Users\Administrator\Desktop\Graphics\Faces\questionmark.png done.

D:\Users\Administrator\Desktop\Graphics\Parallaxes\Castle.jpg done.

D:\Users\Administrator\Desktop\Graphics\System\Background #1.jpg done.

D:\Users\Administrator\Desktop\Graphics\System\Background #2.jpg done.

D:\Users\Administrator\Desktop\Graphics\System\Base.png done.

D:\Users\Administrator\Desktop\Graphics\System\Boss Bar.png done.

D:\Users\Administrator\Desktop\Graphics\System\Boss Base.png done.

D:\Users\Administrator\Desktop\Graphics\System\Cross Blades.png done.

D:\Users\Administrator\Desktop\Graphics\System\Cursors.png done.

D:\Users\Administrator\Desktop\Graphics\System\EBTsukuruWindowSkin2008_10.png done.

D:\Users\Administrator\Desktop\Graphics\System\Exp Bar.png done.

D:\Users\Administrator\Desktop\Graphics\System\extra_tiles\alien.png done.

D:\Users\Administrator\Desktop\Graphics\System\extra_tiles\fire.png done.

D:\Users\Administrator\Desktop\Graphics\System\extra_tiles\indoor.png done.

D:\Users\Administrator\Desktop\Graphics\System\HP Bar.png done.

D:\Users\Administrator\Desktop\Graphics\System\Hud Base #2.png done.

D:\Users\Administrator\Desktop\Graphics\System\Hud Base.png done.

D:\Users\Administrator\Desktop\Graphics\System\IconSet.png done.

D:\Users\Administrator\Desktop\Graphics\System\MenuBase.png done.

D:\Users\Administrator\Desktop\Graphics\System\MP Bar.png done.

D:\Users\Administrator\Desktop\Graphics\System\System\MenuBase.png done.

D:\Users\Administrator\Desktop\Graphics\System\System\System Colors.png done.

D:\Users\Administrator\Desktop\Graphics\System\System\Window.png done.

D:\Users\Administrator\Desktop\Graphics\System\System\Window2.png done.

D:\Users\Administrator\Desktop\Graphics\System\System Colors.png done.

D:\Users\Administrator\Desktop\Graphics\System\System Icons.png done.

D:\Users\Administrator\Desktop\Graphics\System\System.zip done.

D:\Users\Administrator\Desktop\Graphics\System\TileA1.png done.

D:\Users\Administrator\Desktop\Graphics\System\TileA2.png done.

D:\Users\Administrator\Desktop\Graphics\System\TileA3.png done.

D:\Users\Administrator\Desktop\Graphics\System\TileA4.png done.

D:\Users\Administrator\Desktop\Graphics\System\TileA5.png done.

D:\Users\Administrator\Desktop\Graphics\System\TileB.png done.

D:\Users\Administrator\Desktop\Graphics\System\TileC.png done.

D:\Users\Administrator\Desktop\Graphics\System\TileD.png done.

D:\Users\Administrator\Desktop\Graphics\System\TileE.png done.

D:\Users\Administrator\Desktop\Graphics\System\TileE1.png done.

D:\Users\Administrator\Desktop\Graphics\System\Title #1.png done.

D:\Users\Administrator\Desktop\Graphics\System\Window.png done.

D:\Users\Administrator\Desktop\Graphics\System\Window2.png done.

D:\Users\Administrator\Desktop\Graphics\System\Window4.png done.

D:\Users\Administrator\Desktop\Graphics\System\Window5.png done.

